Thu Jun 26 18:58:46 UTC 2025: Starting contracts scraper
Thu Jun 26 18:58:46 UTC 2025: Fetching first page to determine total pages for contracts endpoint...
Thu Jun 26 18:58:46 UTC 2025: Found 23 total pages with 11042 expected results
Thu Jun 26 18:58:46 UTC 2025: Fetching data for page 1...
Thu Jun 26 18:58:47 UTC 2025: Page 1: Downloaded 500 items
Thu Jun 26 18:58:47 UTC 2025: Fetching data for page 2...
Thu Jun 26 18:58:47 UTC 2025: Page 2: Downloaded 500 items
Thu Jun 26 18:58:47 UTC 2025: Fetching data for page 3...
Thu Jun 26 18:58:48 UTC 2025: Page 3: Downloaded 500 items
Thu Jun 26 18:58:48 UTC 2025: Fetching data for page 4...
Thu Jun 26 18:58:48 UTC 2025: Page 4: Downloaded 500 items
Thu Jun 26 18:58:48 UTC 2025: Fetching data for page 5...
Thu Jun 26 18:58:48 UTC 2025: Page 5: Downloaded 500 items
Thu Jun 26 18:58:48 UTC 2025: Fetching data for page 6...
Thu Jun 26 18:58:49 UTC 2025: Page 6: Downloaded 500 items
Thu Jun 26 18:58:49 UTC 2025: Fetching data for page 7...
Thu Jun 26 18:58:49 UTC 2025: Page 7: Downloaded 500 items
Thu Jun 26 18:58:49 UTC 2025: Fetching data for page 8...
Thu Jun 26 18:58:50 UTC 2025: Page 8: Downloaded 500 items
Thu Jun 26 18:58:50 UTC 2025: Fetching data for page 9...
Thu Jun 26 18:58:50 UTC 2025: Page 9: Downloaded 500 items
Thu Jun 26 18:58:50 UTC 2025: Fetching data for page 10...
Thu Jun 26 18:58:50 UTC 2025: Page 10: Downloaded 500 items
Thu Jun 26 18:58:50 UTC 2025: Fetching data for page 11...
Thu Jun 26 18:58:51 UTC 2025: Page 11: Downloaded 500 items
Thu Jun 26 18:58:51 UTC 2025: Fetching data for page 12...
Thu Jun 26 18:58:51 UTC 2025: Page 12: Downloaded 500 items
Thu Jun 26 18:58:51 UTC 2025: Fetching data for page 13...
Thu Jun 26 18:58:52 UTC 2025: Page 13: Downloaded 500 items
Thu Jun 26 18:58:52 UTC 2025: Fetching data for page 14...
Thu Jun 26 18:58:52 UTC 2025: Page 14: Downloaded 500 items
Thu Jun 26 18:58:52 UTC 2025: Fetching data for page 15...
Thu Jun 26 18:58:52 UTC 2025: Page 15: Downloaded 500 items
Thu Jun 26 18:58:52 UTC 2025: Fetching data for page 16...
Thu Jun 26 18:58:53 UTC 2025: Page 16: Downloaded 500 items
Thu Jun 26 18:58:53 UTC 2025: Fetching data for page 17...
Thu Jun 26 18:58:53 UTC 2025: Page 17: Downloaded 500 items
Thu Jun 26 18:58:53 UTC 2025: Fetching data for page 18...
Thu Jun 26 18:58:53 UTC 2025: Page 18: Downloaded 500 items
Thu Jun 26 18:58:53 UTC 2025: Fetching data for page 19...
Thu Jun 26 18:58:54 UTC 2025: Page 19: Downloaded 500 items
Thu Jun 26 18:58:54 UTC 2025: Fetching data for page 20...
Thu Jun 26 18:58:54 UTC 2025: Page 20: Downloaded 500 items
Thu Jun 26 18:58:54 UTC 2025: Fetching data for page 21...
Thu Jun 26 18:58:54 UTC 2025: Page 21: Downloaded 500 items
Thu Jun 26 18:58:54 UTC 2025: Fetching data for page 22...
Thu Jun 26 18:58:55 UTC 2025: Page 22: Downloaded 500 items
Thu Jun 26 18:58:55 UTC 2025: Fetching data for page 23...
Thu Jun 26 18:58:55 UTC 2025: Page 23: Downloaded 42 items
Thu Jun 26 18:58:55 UTC 2025: Creating consolidated JSON file: contracts.json
Thu Jun 26 18:58:58 UTC 2025: Download completed. Downloaded 11042 items (expected: 11042)
Thu Jun 26 18:58:58 UTC 2025: Script completed. Results saved to contracts.json, logs saved to contracts_scraper.log
