Sun Jun 22 03:20:15 UTC 2025: Starting grants scraper
Sun Jun 22 03:20:15 UTC 2025: Fetching first page to determine total pages for grants endpoint...
Sun Jun 22 03:20:16 UTC 2025: Found 31 total pages with 15198 expected results
Sun Jun 22 03:20:16 UTC 2025: Fetching data for page 1...
Sun Jun 22 03:20:16 UTC 2025: Page 1: Downloaded 500 items
Sun Jun 22 03:20:16 UTC 2025: Fetching data for page 2...
Sun Jun 22 03:20:17 UTC 2025: Page 2: Downloaded 500 items
Sun Jun 22 03:20:17 UTC 2025: Fetching data for page 3...
Sun Jun 22 03:20:18 UTC 2025: Page 3: Downloaded 500 items
Sun Jun 22 03:20:18 UTC 2025: Fetching data for page 4...
Sun Jun 22 03:20:19 UTC 2025: Page 4: Downloaded 500 items
Sun Jun 22 03:20:19 UTC 2025: Fetching data for page 5...
Sun Jun 22 03:20:20 UTC 2025: Page 5: Downloaded 500 items
Sun Jun 22 03:20:20 UTC 2025: Fetching data for page 6...
Sun Jun 22 03:20:21 UTC 2025: Page 6: Downloaded 500 items
Sun Jun 22 03:20:21 UTC 2025: Fetching data for page 7...
Sun Jun 22 03:20:22 UTC 2025: Page 7: Downloaded 500 items
Sun Jun 22 03:20:22 UTC 2025: Fetching data for page 8...
Sun Jun 22 03:20:23 UTC 2025: Page 8: Downloaded 500 items
Sun Jun 22 03:20:23 UTC 2025: Fetching data for page 9...
Sun Jun 22 03:20:24 UTC 2025: Page 9: Downloaded 500 items
Sun Jun 22 03:20:24 UTC 2025: Fetching data for page 10...
Sun Jun 22 03:20:25 UTC 2025: Page 10: Downloaded 500 items
Sun Jun 22 03:20:25 UTC 2025: Fetching data for page 11...
Sun Jun 22 03:20:26 UTC 2025: Page 11: Downloaded 500 items
Sun Jun 22 03:20:26 UTC 2025: Fetching data for page 12...
Sun Jun 22 03:20:27 UTC 2025: Page 12: Downloaded 500 items
Sun Jun 22 03:20:27 UTC 2025: Fetching data for page 13...
Sun Jun 22 03:20:28 UTC 2025: Page 13: Downloaded 500 items
Sun Jun 22 03:20:28 UTC 2025: Fetching data for page 14...
Sun Jun 22 03:20:29 UTC 2025: Page 14: Downloaded 500 items
Sun Jun 22 03:20:29 UTC 2025: Fetching data for page 15...
Sun Jun 22 03:20:30 UTC 2025: Page 15: Downloaded 500 items
Sun Jun 22 03:20:30 UTC 2025: Fetching data for page 16...
Sun Jun 22 03:20:31 UTC 2025: Page 16: Downloaded 500 items
Sun Jun 22 03:20:31 UTC 2025: Fetching data for page 17...
Sun Jun 22 03:20:32 UTC 2025: Page 17: Downloaded 500 items
Sun Jun 22 03:20:32 UTC 2025: Fetching data for page 18...
Sun Jun 22 03:20:33 UTC 2025: Page 18: Downloaded 500 items
Sun Jun 22 03:20:33 UTC 2025: Fetching data for page 19...
Sun Jun 22 03:20:34 UTC 2025: Page 19: Downloaded 500 items
Sun Jun 22 03:20:34 UTC 2025: Fetching data for page 20...
Sun Jun 22 03:20:34 UTC 2025: Page 20: Downloaded 500 items
Sun Jun 22 03:20:34 UTC 2025: Fetching data for page 21...
Sun Jun 22 03:20:35 UTC 2025: Page 21: Downloaded 500 items
Sun Jun 22 03:20:35 UTC 2025: Fetching data for page 22...
Sun Jun 22 03:20:36 UTC 2025: Page 22: Downloaded 501 items
Sun Jun 22 03:20:36 UTC 2025: Fetching data for page 23...
Sun Jun 22 03:20:37 UTC 2025: Page 23: Downloaded 500 items
Sun Jun 22 03:20:37 UTC 2025: Fetching data for page 24...
Sun Jun 22 03:20:38 UTC 2025: Page 24: Downloaded 500 items
Sun Jun 22 03:20:38 UTC 2025: Fetching data for page 25...
Sun Jun 22 03:20:39 UTC 2025: Page 25: Downloaded 500 items
Sun Jun 22 03:20:39 UTC 2025: Fetching data for page 26...
Sun Jun 22 03:20:40 UTC 2025: Page 26: Downloaded 501 items
Sun Jun 22 03:20:40 UTC 2025: Fetching data for page 27...
Sun Jun 22 03:20:40 UTC 2025: Page 27: Downloaded 500 items
Sun Jun 22 03:20:40 UTC 2025: Fetching data for page 28...
Sun Jun 22 03:20:41 UTC 2025: Page 28: Downloaded 500 items
Sun Jun 22 03:20:41 UTC 2025: Fetching data for page 29...
Sun Jun 22 03:20:42 UTC 2025: Page 29: Downloaded 500 items
Sun Jun 22 03:20:42 UTC 2025: Fetching data for page 30...
Sun Jun 22 03:20:43 UTC 2025: Page 30: Downloaded 500 items
Sun Jun 22 03:20:43 UTC 2025: Fetching data for page 31...
Sun Jun 22 03:20:44 UTC 2025: Page 31: Downloaded 198 items
Sun Jun 22 03:20:44 UTC 2025: Creating consolidated JSON file: grants.json
Sun Jun 22 03:20:56 UTC 2025: Download completed. Downloaded 15200 items (expected: 15198)
Sun Jun 22 03:20:56 UTC 2025: WARNING: Downloaded item count (15200) does not match expected total (15198)
Sun Jun 22 03:20:56 UTC 2025: Script completed. Results saved to grants.json, logs saved to grants_scraper.log
