Thu Jun 26 18:59:32 UTC 2025: Starting payments scraper
Thu Jun 26 18:59:32 UTC 2025: Fetching first page to determine total pages for payments endpoint...
Thu Jun 26 18:59:32 UTC 2025: Found 215 total pages with 107497 expected results
Thu Jun 26 18:59:32 UTC 2025: Fetching data for page 1...
Thu Jun 26 18:59:32 UTC 2025: Page 1: Downloaded 500 items
Thu Jun 26 18:59:32 UTC 2025: Fetching data for page 2...
Thu Jun 26 18:59:33 UTC 2025: Page 2: Downloaded 502 items
Thu Jun 26 18:59:33 UTC 2025: Fetching data for page 3...
Thu Jun 26 18:59:33 UTC 2025: Page 3: Downloaded 500 items
Thu Jun 26 18:59:33 UTC 2025: Fetching data for page 4...
Thu Jun 26 18:59:34 UTC 2025: Page 4: Downloaded 500 items
Thu Jun 26 18:59:34 UTC 2025: Fetching data for page 5...
Thu Jun 26 18:59:34 UTC 2025: Page 5: Downloaded 500 items
Thu Jun 26 18:59:34 UTC 2025: Fetching data for page 6...
Thu Jun 26 18:59:35 UTC 2025: Page 6: Downloaded 500 items
Thu Jun 26 18:59:35 UTC 2025: Fetching data for page 7...
Thu Jun 26 18:59:35 UTC 2025: Page 7: Downloaded 500 items
Thu Jun 26 18:59:35 UTC 2025: Fetching data for page 8...
Thu Jun 26 18:59:36 UTC 2025: Page 8: Downloaded 500 items
Thu Jun 26 18:59:36 UTC 2025: Fetching data for page 9...
Thu Jun 26 18:59:36 UTC 2025: Page 9: Downloaded 500 items
Thu Jun 26 18:59:36 UTC 2025: Fetching data for page 10...
Thu Jun 26 18:59:37 UTC 2025: Page 10: Downloaded 500 items
Thu Jun 26 18:59:37 UTC 2025: Fetching data for page 11...
Thu Jun 26 18:59:37 UTC 2025: Page 11: Downloaded 500 items
Thu Jun 26 18:59:37 UTC 2025: Fetching data for page 12...
Thu Jun 26 18:59:38 UTC 2025: Page 12: Downloaded 500 items
Thu Jun 26 18:59:38 UTC 2025: Fetching data for page 13...
Thu Jun 26 18:59:38 UTC 2025: Page 13: Downloaded 500 items
Thu Jun 26 18:59:38 UTC 2025: Fetching data for page 14...
Thu Jun 26 18:59:38 UTC 2025: Page 14: Downloaded 500 items
Thu Jun 26 18:59:38 UTC 2025: Fetching data for page 15...
Thu Jun 26 18:59:39 UTC 2025: Page 15: Downloaded 500 items
Thu Jun 26 18:59:39 UTC 2025: Fetching data for page 16...
Thu Jun 26 18:59:39 UTC 2025: Page 16: Downloaded 500 items
Thu Jun 26 18:59:39 UTC 2025: Fetching data for page 17...
Thu Jun 26 18:59:40 UTC 2025: Page 17: Downloaded 500 items
Thu Jun 26 18:59:40 UTC 2025: Fetching data for page 18...
Thu Jun 26 18:59:40 UTC 2025: Page 18: Downloaded 500 items
Thu Jun 26 18:59:40 UTC 2025: Fetching data for page 19...
Thu Jun 26 18:59:41 UTC 2025: Page 19: Downloaded 500 items
Thu Jun 26 18:59:41 UTC 2025: Fetching data for page 20...
Thu Jun 26 18:59:41 UTC 2025: Page 20: Downloaded 500 items
Thu Jun 26 18:59:41 UTC 2025: Fetching data for page 21...
Thu Jun 26 18:59:42 UTC 2025: Page 21: Downloaded 500 items
Thu Jun 26 18:59:42 UTC 2025: Fetching data for page 22...
Thu Jun 26 18:59:42 UTC 2025: Page 22: Downloaded 500 items
Thu Jun 26 18:59:42 UTC 2025: Fetching data for page 23...
Thu Jun 26 18:59:44 UTC 2025: Page 23: Downloaded 500 items
Thu Jun 26 18:59:44 UTC 2025: Fetching data for page 24...
Thu Jun 26 18:59:44 UTC 2025: Page 24: Downloaded 500 items
Thu Jun 26 18:59:44 UTC 2025: Fetching data for page 25...
Thu Jun 26 18:59:45 UTC 2025: Page 25: Downloaded 500 items
Thu Jun 26 18:59:45 UTC 2025: Fetching data for page 26...
Thu Jun 26 18:59:45 UTC 2025: Page 26: Downloaded 500 items
Thu Jun 26 18:59:45 UTC 2025: Fetching data for page 27...
Thu Jun 26 18:59:46 UTC 2025: Page 27: Downloaded 500 items
Thu Jun 26 18:59:46 UTC 2025: Fetching data for page 28...
Thu Jun 26 18:59:46 UTC 2025: Page 28: Downloaded 500 items
Thu Jun 26 18:59:46 UTC 2025: Fetching data for page 29...
Thu Jun 26 18:59:47 UTC 2025: Page 29: Downloaded 500 items
Thu Jun 26 18:59:47 UTC 2025: Fetching data for page 30...
Thu Jun 26 18:59:47 UTC 2025: Page 30: Downloaded 500 items
Thu Jun 26 18:59:47 UTC 2025: Fetching data for page 31...
Thu Jun 26 18:59:47 UTC 2025: Page 31: Downloaded 500 items
Thu Jun 26 18:59:47 UTC 2025: Fetching data for page 32...
Thu Jun 26 18:59:48 UTC 2025: Page 32: Downloaded 501 items
Thu Jun 26 18:59:48 UTC 2025: Fetching data for page 33...
Thu Jun 26 18:59:48 UTC 2025: Page 33: Downloaded 502 items
Thu Jun 26 18:59:48 UTC 2025: Fetching data for page 34...
Thu Jun 26 18:59:49 UTC 2025: Page 34: Downloaded 500 items
Thu Jun 26 18:59:49 UTC 2025: Fetching data for page 35...
Thu Jun 26 18:59:49 UTC 2025: Page 35: Downloaded 500 items
Thu Jun 26 18:59:49 UTC 2025: Fetching data for page 36...
Thu Jun 26 18:59:50 UTC 2025: Page 36: Downloaded 500 items
Thu Jun 26 18:59:50 UTC 2025: Fetching data for page 37...
Thu Jun 26 18:59:50 UTC 2025: Page 37: Downloaded 500 items
Thu Jun 26 18:59:50 UTC 2025: Fetching data for page 38...
Thu Jun 26 18:59:51 UTC 2025: Page 38: Downloaded 500 items
Thu Jun 26 18:59:51 UTC 2025: Fetching data for page 39...
Thu Jun 26 18:59:51 UTC 2025: Page 39: Downloaded 500 items
Thu Jun 26 18:59:51 UTC 2025: Fetching data for page 40...
Thu Jun 26 18:59:52 UTC 2025: Page 40: Downloaded 500 items
Thu Jun 26 18:59:52 UTC 2025: Fetching data for page 41...
Thu Jun 26 18:59:52 UTC 2025: Page 41: Downloaded 500 items
Thu Jun 26 18:59:52 UTC 2025: Fetching data for page 42...
Thu Jun 26 18:59:53 UTC 2025: Page 42: Downloaded 500 items
Thu Jun 26 18:59:53 UTC 2025: Fetching data for page 43...
Thu Jun 26 18:59:53 UTC 2025: Page 43: Downloaded 500 items
Thu Jun 26 18:59:53 UTC 2025: Fetching data for page 44...
Thu Jun 26 18:59:55 UTC 2025: Page 44: Downloaded 501 items
Thu Jun 26 18:59:55 UTC 2025: Fetching data for page 45...
Thu Jun 26 18:59:55 UTC 2025: Page 45: Downloaded 500 items
Thu Jun 26 18:59:55 UTC 2025: Fetching data for page 46...
Thu Jun 26 18:59:56 UTC 2025: Page 46: Downloaded 500 items
Thu Jun 26 18:59:56 UTC 2025: Fetching data for page 47...
Thu Jun 26 18:59:56 UTC 2025: Page 47: Downloaded 500 items
Thu Jun 26 18:59:56 UTC 2025: Fetching data for page 48...
Thu Jun 26 18:59:57 UTC 2025: Page 48: Downloaded 500 items
Thu Jun 26 18:59:57 UTC 2025: Fetching data for page 49...
Thu Jun 26 18:59:57 UTC 2025: Page 49: Downloaded 500 items
Thu Jun 26 18:59:57 UTC 2025: Fetching data for page 50...
Thu Jun 26 18:59:57 UTC 2025: Page 50: Downloaded 500 items
Thu Jun 26 18:59:57 UTC 2025: Fetching data for page 51...
Thu Jun 26 18:59:58 UTC 2025: Page 51: Downloaded 501 items
Thu Jun 26 18:59:58 UTC 2025: Fetching data for page 52...
Thu Jun 26 18:59:58 UTC 2025: Page 52: Downloaded 500 items
Thu Jun 26 18:59:58 UTC 2025: Fetching data for page 53...
Thu Jun 26 18:59:59 UTC 2025: Page 53: Downloaded 500 items
Thu Jun 26 18:59:59 UTC 2025: Fetching data for page 54...
Thu Jun 26 18:59:59 UTC 2025: Page 54: Downloaded 500 items
Thu Jun 26 18:59:59 UTC 2025: Fetching data for page 55...
Thu Jun 26 19:00:00 UTC 2025: Page 55: Downloaded 500 items
Thu Jun 26 19:00:00 UTC 2025: Fetching data for page 56...
Thu Jun 26 19:00:01 UTC 2025: Page 56: Downloaded 501 items
Thu Jun 26 19:00:01 UTC 2025: Fetching data for page 57...
Thu Jun 26 19:00:03 UTC 2025: Page 57: Downloaded 500 items
Thu Jun 26 19:00:03 UTC 2025: Fetching data for page 58...
Thu Jun 26 19:00:03 UTC 2025: Page 58: Downloaded 500 items
Thu Jun 26 19:00:03 UTC 2025: Fetching data for page 59...
Thu Jun 26 19:00:03 UTC 2025: Page 59: Downloaded 500 items
Thu Jun 26 19:00:03 UTC 2025: Fetching data for page 60...
Thu Jun 26 19:00:04 UTC 2025: Page 60: Downloaded 500 items
Thu Jun 26 19:00:04 UTC 2025: Fetching data for page 61...
Thu Jun 26 19:00:04 UTC 2025: Page 61: Downloaded 501 items
Thu Jun 26 19:00:04 UTC 2025: Fetching data for page 62...
Thu Jun 26 19:00:05 UTC 2025: Page 62: Downloaded 500 items
Thu Jun 26 19:00:05 UTC 2025: Fetching data for page 63...
Thu Jun 26 19:00:05 UTC 2025: Page 63: Downloaded 500 items
Thu Jun 26 19:00:05 UTC 2025: Fetching data for page 64...
Thu Jun 26 19:00:06 UTC 2025: Page 64: Downloaded 500 items
Thu Jun 26 19:00:06 UTC 2025: Fetching data for page 65...
Thu Jun 26 19:00:06 UTC 2025: Page 65: Downloaded 500 items
Thu Jun 26 19:00:06 UTC 2025: Fetching data for page 66...
Thu Jun 26 19:00:08 UTC 2025: Page 66: Downloaded 500 items
Thu Jun 26 19:00:08 UTC 2025: Fetching data for page 67...
Thu Jun 26 19:00:08 UTC 2025: Page 67: Downloaded 500 items
Thu Jun 26 19:00:08 UTC 2025: Fetching data for page 68...
Thu Jun 26 19:00:08 UTC 2025: Page 68: Downloaded 500 items
Thu Jun 26 19:00:09 UTC 2025: Fetching data for page 69...
Thu Jun 26 19:00:09 UTC 2025: Page 69: Downloaded 500 items
Thu Jun 26 19:00:09 UTC 2025: Fetching data for page 70...
Thu Jun 26 19:00:09 UTC 2025: Page 70: Downloaded 500 items
Thu Jun 26 19:00:09 UTC 2025: Fetching data for page 71...
Thu Jun 26 19:00:10 UTC 2025: Page 71: Downloaded 500 items
Thu Jun 26 19:00:10 UTC 2025: Fetching data for page 72...
Thu Jun 26 19:00:10 UTC 2025: Page 72: Downloaded 502 items
Thu Jun 26 19:00:10 UTC 2025: Fetching data for page 73...
Thu Jun 26 19:00:11 UTC 2025: Page 73: Downloaded 500 items
Thu Jun 26 19:00:11 UTC 2025: Fetching data for page 74...
Thu Jun 26 19:00:11 UTC 2025: Page 74: Downloaded 500 items
Thu Jun 26 19:00:11 UTC 2025: Fetching data for page 75...
Thu Jun 26 19:00:12 UTC 2025: Page 75: Downloaded 500 items
Thu Jun 26 19:00:12 UTC 2025: Fetching data for page 76...
Thu Jun 26 19:00:13 UTC 2025: Page 76: Downloaded 500 items
Thu Jun 26 19:00:13 UTC 2025: Fetching data for page 77...
Thu Jun 26 19:00:14 UTC 2025: Page 77: Downloaded 500 items
Thu Jun 26 19:00:14 UTC 2025: Fetching data for page 78...
Thu Jun 26 19:00:14 UTC 2025: Page 78: Downloaded 501 items
Thu Jun 26 19:00:14 UTC 2025: Fetching data for page 79...
Thu Jun 26 19:00:15 UTC 2025: Page 79: Downloaded 500 items
Thu Jun 26 19:00:15 UTC 2025: Fetching data for page 80...
Thu Jun 26 19:00:15 UTC 2025: Page 80: Downloaded 500 items
Thu Jun 26 19:00:15 UTC 2025: Fetching data for page 81...
Thu Jun 26 19:00:15 UTC 2025: Page 81: Downloaded 502 items
Thu Jun 26 19:00:16 UTC 2025: Fetching data for page 82...
Thu Jun 26 19:00:16 UTC 2025: Page 82: Downloaded 500 items
Thu Jun 26 19:00:16 UTC 2025: Fetching data for page 83...
Thu Jun 26 19:00:16 UTC 2025: Page 83: Downloaded 500 items
Thu Jun 26 19:00:16 UTC 2025: Fetching data for page 84...
Thu Jun 26 19:00:18 UTC 2025: Page 84: Downloaded 500 items
Thu Jun 26 19:00:18 UTC 2025: Fetching data for page 85...
Thu Jun 26 19:00:18 UTC 2025: Page 85: Downloaded 500 items
Thu Jun 26 19:00:18 UTC 2025: Fetching data for page 86...
Thu Jun 26 19:00:19 UTC 2025: Page 86: Downloaded 500 items
Thu Jun 26 19:00:19 UTC 2025: Fetching data for page 87...
Thu Jun 26 19:00:19 UTC 2025: Page 87: Downloaded 500 items
Thu Jun 26 19:00:19 UTC 2025: Fetching data for page 88...
Thu Jun 26 19:00:20 UTC 2025: Page 88: Downloaded 500 items
Thu Jun 26 19:00:20 UTC 2025: Fetching data for page 89...
Thu Jun 26 19:00:20 UTC 2025: Page 89: Downloaded 501 items
Thu Jun 26 19:00:20 UTC 2025: Fetching data for page 90...
Thu Jun 26 19:00:21 UTC 2025: Page 90: Downloaded 500 items
Thu Jun 26 19:00:21 UTC 2025: Fetching data for page 91...
Thu Jun 26 19:00:21 UTC 2025: Page 91: Downloaded 500 items
Thu Jun 26 19:00:21 UTC 2025: Fetching data for page 92...
Thu Jun 26 19:00:22 UTC 2025: Page 92: Downloaded 500 items
Thu Jun 26 19:00:22 UTC 2025: Fetching data for page 93...
Thu Jun 26 19:00:23 UTC 2025: Page 93: Downloaded 500 items
Thu Jun 26 19:00:23 UTC 2025: Fetching data for page 94...
Thu Jun 26 19:00:23 UTC 2025: Page 94: Downloaded 500 items
Thu Jun 26 19:00:23 UTC 2025: Fetching data for page 95...
Thu Jun 26 19:00:24 UTC 2025: Page 95: Downloaded 500 items
Thu Jun 26 19:00:24 UTC 2025: Fetching data for page 96...
Thu Jun 26 19:00:24 UTC 2025: Page 96: Downloaded 500 items
Thu Jun 26 19:00:24 UTC 2025: Fetching data for page 97...
Thu Jun 26 19:00:25 UTC 2025: Page 97: Downloaded 500 items
Thu Jun 26 19:00:25 UTC 2025: Fetching data for page 98...
Thu Jun 26 19:00:25 UTC 2025: Page 98: Downloaded 500 items
Thu Jun 26 19:00:25 UTC 2025: Fetching data for page 99...
Thu Jun 26 19:00:26 UTC 2025: Page 99: Downloaded 500 items
Thu Jun 26 19:00:26 UTC 2025: Fetching data for page 100...
Thu Jun 26 19:00:26 UTC 2025: Page 100: Downloaded 500 items
Thu Jun 26 19:00:26 UTC 2025: Fetching data for page 101...
Thu Jun 26 19:00:27 UTC 2025: Page 101: Downloaded 500 items
Thu Jun 26 19:00:27 UTC 2025: Fetching data for page 102...
Thu Jun 26 19:00:27 UTC 2025: Page 102: Downloaded 500 items
Thu Jun 26 19:00:27 UTC 2025: Fetching data for page 103...
Thu Jun 26 19:00:29 UTC 2025: Page 103: Downloaded 500 items
Thu Jun 26 19:00:29 UTC 2025: Fetching data for page 104...
Thu Jun 26 19:00:29 UTC 2025: Page 104: Downloaded 500 items
Thu Jun 26 19:00:29 UTC 2025: Fetching data for page 105...
Thu Jun 26 19:00:30 UTC 2025: Page 105: Downloaded 500 items
Thu Jun 26 19:00:30 UTC 2025: Fetching data for page 106...
Thu Jun 26 19:00:31 UTC 2025: Page 106: Downloaded 503 items
Thu Jun 26 19:00:31 UTC 2025: Fetching data for page 107...
Thu Jun 26 19:00:32 UTC 2025: Page 107: Downloaded 500 items
Thu Jun 26 19:00:32 UTC 2025: Fetching data for page 108...
Thu Jun 26 19:00:32 UTC 2025: Page 108: Downloaded 500 items
Thu Jun 26 19:00:32 UTC 2025: Fetching data for page 109...
Thu Jun 26 19:00:33 UTC 2025: Page 109: Downloaded 500 items
Thu Jun 26 19:00:33 UTC 2025: Fetching data for page 110...
Thu Jun 26 19:00:33 UTC 2025: Page 110: Downloaded 500 items
Thu Jun 26 19:00:33 UTC 2025: Fetching data for page 111...
Thu Jun 26 19:00:34 UTC 2025: Page 111: Downloaded 500 items
Thu Jun 26 19:00:34 UTC 2025: Fetching data for page 112...
Thu Jun 26 19:00:34 UTC 2025: Page 112: Downloaded 500 items
Thu Jun 26 19:00:34 UTC 2025: Fetching data for page 113...
Thu Jun 26 19:00:35 UTC 2025: Page 113: Downloaded 500 items
Thu Jun 26 19:00:35 UTC 2025: Fetching data for page 114...
Thu Jun 26 19:00:35 UTC 2025: Page 114: Downloaded 500 items
Thu Jun 26 19:00:35 UTC 2025: Fetching data for page 115...
Thu Jun 26 19:00:36 UTC 2025: Page 115: Downloaded 500 items
Thu Jun 26 19:00:36 UTC 2025: Fetching data for page 116...
Thu Jun 26 19:00:36 UTC 2025: Page 116: Downloaded 500 items
Thu Jun 26 19:00:36 UTC 2025: Fetching data for page 117...
Thu Jun 26 19:00:37 UTC 2025: Page 117: Downloaded 500 items
Thu Jun 26 19:00:37 UTC 2025: Fetching data for page 118...
Thu Jun 26 19:00:37 UTC 2025: Page 118: Downloaded 500 items
Thu Jun 26 19:00:37 UTC 2025: Fetching data for page 119...
Thu Jun 26 19:00:38 UTC 2025: Page 119: Downloaded 500 items
Thu Jun 26 19:00:38 UTC 2025: Fetching data for page 120...
Thu Jun 26 19:00:38 UTC 2025: Page 120: Downloaded 500 items
Thu Jun 26 19:00:38 UTC 2025: Fetching data for page 121...
Thu Jun 26 19:00:39 UTC 2025: Page 121: Downloaded 500 items
Thu Jun 26 19:00:39 UTC 2025: Fetching data for page 122...
Thu Jun 26 19:00:39 UTC 2025: Page 122: Downloaded 500 items
Thu Jun 26 19:00:39 UTC 2025: Fetching data for page 123...
Thu Jun 26 19:00:41 UTC 2025: Page 123: Downloaded 500 items
Thu Jun 26 19:00:41 UTC 2025: Fetching data for page 124...
Thu Jun 26 19:00:41 UTC 2025: Page 124: Downloaded 500 items
Thu Jun 26 19:00:41 UTC 2025: Fetching data for page 125...
Thu Jun 26 19:00:42 UTC 2025: Page 125: Downloaded 500 items
Thu Jun 26 19:00:42 UTC 2025: Fetching data for page 126...
Thu Jun 26 19:00:42 UTC 2025: Page 126: Downloaded 500 items
Thu Jun 26 19:00:42 UTC 2025: Fetching data for page 127...
Thu Jun 26 19:00:43 UTC 2025: Page 127: Downloaded 503 items
Thu Jun 26 19:00:44 UTC 2025: Fetching data for page 128...
Thu Jun 26 19:00:45 UTC 2025: Page 128: Downloaded 500 items
Thu Jun 26 19:00:45 UTC 2025: Fetching data for page 129...
Thu Jun 26 19:00:45 UTC 2025: Page 129: Downloaded 501 items
Thu Jun 26 19:00:45 UTC 2025: Fetching data for page 130...
Thu Jun 26 19:00:46 UTC 2025: Page 130: Downloaded 500 items
Thu Jun 26 19:00:46 UTC 2025: Fetching data for page 131...
Thu Jun 26 19:00:46 UTC 2025: Page 131: Downloaded 500 items
Thu Jun 26 19:00:46 UTC 2025: Fetching data for page 132...
Thu Jun 26 19:00:47 UTC 2025: Page 132: Downloaded 500 items
Thu Jun 26 19:00:47 UTC 2025: Fetching data for page 133...
Thu Jun 26 19:00:47 UTC 2025: Page 133: Downloaded 500 items
Thu Jun 26 19:00:47 UTC 2025: Fetching data for page 134...
Thu Jun 26 19:00:48 UTC 2025: Page 134: Downloaded 500 items
Thu Jun 26 19:00:48 UTC 2025: Fetching data for page 135...
Thu Jun 26 19:00:48 UTC 2025: Page 135: Downloaded 500 items
Thu Jun 26 19:00:48 UTC 2025: Fetching data for page 136...
Thu Jun 26 19:00:49 UTC 2025: Page 136: Downloaded 500 items
Thu Jun 26 19:00:49 UTC 2025: Fetching data for page 137...
Thu Jun 26 19:00:49 UTC 2025: Page 137: Downloaded 500 items
Thu Jun 26 19:00:49 UTC 2025: Fetching data for page 138...
Thu Jun 26 19:00:50 UTC 2025: Page 138: Downloaded 500 items
Thu Jun 26 19:00:50 UTC 2025: Fetching data for page 139...
Thu Jun 26 19:00:50 UTC 2025: Page 139: Downloaded 500 items
Thu Jun 26 19:00:50 UTC 2025: Fetching data for page 140...
Thu Jun 26 19:00:51 UTC 2025: Page 140: Downloaded 500 items
Thu Jun 26 19:00:51 UTC 2025: Fetching data for page 141...
Thu Jun 26 19:00:51 UTC 2025: Page 141: Downloaded 500 items
Thu Jun 26 19:00:51 UTC 2025: Fetching data for page 142...
Thu Jun 26 19:00:52 UTC 2025: Page 142: Downloaded 500 items
Thu Jun 26 19:00:52 UTC 2025: Fetching data for page 143...
Thu Jun 26 19:00:53 UTC 2025: Page 143: Downloaded 500 items
Thu Jun 26 19:00:53 UTC 2025: Fetching data for page 144...
Thu Jun 26 19:00:54 UTC 2025: Page 144: Downloaded 500 items
Thu Jun 26 19:00:54 UTC 2025: Fetching data for page 145...
Thu Jun 26 19:00:54 UTC 2025: Page 145: Downloaded 500 items
Thu Jun 26 19:00:54 UTC 2025: Fetching data for page 146...
Thu Jun 26 19:00:55 UTC 2025: Page 146: Downloaded 500 items
Thu Jun 26 19:00:55 UTC 2025: Fetching data for page 147...
Thu Jun 26 19:00:55 UTC 2025: Page 147: Downloaded 500 items
Thu Jun 26 19:00:55 UTC 2025: Fetching data for page 148...
Thu Jun 26 19:00:56 UTC 2025: Page 148: Downloaded 502 items
Thu Jun 26 19:00:56 UTC 2025: Fetching data for page 149...
Thu Jun 26 19:00:56 UTC 2025: Page 149: Downloaded 500 items
Thu Jun 26 19:00:56 UTC 2025: Fetching data for page 150...
Thu Jun 26 19:00:57 UTC 2025: Page 150: Downloaded 500 items
Thu Jun 26 19:00:57 UTC 2025: Fetching data for page 151...
Thu Jun 26 19:00:57 UTC 2025: Page 151: Downloaded 500 items
Thu Jun 26 19:00:57 UTC 2025: Fetching data for page 152...
Thu Jun 26 19:00:58 UTC 2025: Page 152: Downloaded 500 items
Thu Jun 26 19:00:58 UTC 2025: Fetching data for page 153...
Thu Jun 26 19:00:58 UTC 2025: Page 153: Downloaded 500 items
Thu Jun 26 19:00:58 UTC 2025: Fetching data for page 154...
Thu Jun 26 19:00:59 UTC 2025: Page 154: Downloaded 500 items
Thu Jun 26 19:00:59 UTC 2025: Fetching data for page 155...
Thu Jun 26 19:01:00 UTC 2025: Page 155: Downloaded 500 items
Thu Jun 26 19:01:00 UTC 2025: Fetching data for page 156...
Thu Jun 26 19:01:01 UTC 2025: Page 156: Downloaded 500 items
Thu Jun 26 19:01:01 UTC 2025: Fetching data for page 157...
Thu Jun 26 19:01:01 UTC 2025: Page 157: Downloaded 500 items
Thu Jun 26 19:01:01 UTC 2025: Fetching data for page 158...
Thu Jun 26 19:01:02 UTC 2025: Page 158: Downloaded 501 items
Thu Jun 26 19:01:02 UTC 2025: Fetching data for page 159...
Thu Jun 26 19:01:02 UTC 2025: Page 159: Downloaded 500 items
Thu Jun 26 19:01:02 UTC 2025: Fetching data for page 160...
Thu Jun 26 19:01:03 UTC 2025: Page 160: Downloaded 500 items
Thu Jun 26 19:01:03 UTC 2025: Fetching data for page 161...
Thu Jun 26 19:01:03 UTC 2025: Page 161: Downloaded 500 items
Thu Jun 26 19:01:03 UTC 2025: Fetching data for page 162...
Thu Jun 26 19:01:05 UTC 2025: Page 162: Downloaded 500 items
Thu Jun 26 19:01:05 UTC 2025: Fetching data for page 163...
Thu Jun 26 19:01:05 UTC 2025: Page 163: Downloaded 500 items
Thu Jun 26 19:01:05 UTC 2025: Fetching data for page 164...
Thu Jun 26 19:01:06 UTC 2025: Page 164: Downloaded 501 items
Thu Jun 26 19:01:06 UTC 2025: Fetching data for page 165...
Thu Jun 26 19:01:06 UTC 2025: Page 165: Downloaded 500 items
Thu Jun 26 19:01:06 UTC 2025: Fetching data for page 166...
Thu Jun 26 19:01:07 UTC 2025: Page 166: Downloaded 500 items
Thu Jun 26 19:01:07 UTC 2025: Fetching data for page 167...
Thu Jun 26 19:01:07 UTC 2025: Page 167: Downloaded 500 items
Thu Jun 26 19:01:07 UTC 2025: Fetching data for page 168...
Thu Jun 26 19:01:08 UTC 2025: Page 168: Downloaded 500 items
Thu Jun 26 19:01:08 UTC 2025: Fetching data for page 169...
Thu Jun 26 19:01:08 UTC 2025: Page 169: Downloaded 500 items
Thu Jun 26 19:01:08 UTC 2025: Fetching data for page 170...
Thu Jun 26 19:01:09 UTC 2025: Page 170: Downloaded 500 items
Thu Jun 26 19:01:09 UTC 2025: Fetching data for page 171...
Thu Jun 26 19:01:09 UTC 2025: Page 171: Downloaded 500 items
Thu Jun 26 19:01:09 UTC 2025: Fetching data for page 172...
Thu Jun 26 19:01:10 UTC 2025: Page 172: Downloaded 500 items
Thu Jun 26 19:01:10 UTC 2025: Fetching data for page 173...
Thu Jun 26 19:01:10 UTC 2025: Page 173: Downloaded 501 items
Thu Jun 26 19:01:11 UTC 2025: Fetching data for page 174...
Thu Jun 26 19:01:11 UTC 2025: Page 174: Downloaded 500 items
Thu Jun 26 19:01:11 UTC 2025: Fetching data for page 175...
Thu Jun 26 19:01:12 UTC 2025: Page 175: Downloaded 500 items
Thu Jun 26 19:01:12 UTC 2025: Fetching data for page 176...
Thu Jun 26 19:01:12 UTC 2025: Page 176: Downloaded 500 items
Thu Jun 26 19:01:12 UTC 2025: Fetching data for page 177...
Thu Jun 26 19:01:13 UTC 2025: Page 177: Downloaded 500 items
Thu Jun 26 19:01:13 UTC 2025: Fetching data for page 178...
Thu Jun 26 19:01:13 UTC 2025: Page 178: Downloaded 500 items
Thu Jun 26 19:01:13 UTC 2025: Fetching data for page 179...
Thu Jun 26 19:01:14 UTC 2025: Page 179: Downloaded 501 items
Thu Jun 26 19:01:14 UTC 2025: Fetching data for page 180...
Thu Jun 26 19:01:14 UTC 2025: Page 180: Downloaded 500 items
Thu Jun 26 19:01:14 UTC 2025: Fetching data for page 181...
Thu Jun 26 19:01:15 UTC 2025: Page 181: Downloaded 500 items
Thu Jun 26 19:01:15 UTC 2025: Fetching data for page 182...
Thu Jun 26 19:01:15 UTC 2025: Page 182: Downloaded 500 items
Thu Jun 26 19:01:15 UTC 2025: Fetching data for page 183...
Thu Jun 26 19:01:16 UTC 2025: Page 183: Downloaded 500 items
Thu Jun 26 19:01:16 UTC 2025: Fetching data for page 184...
Thu Jun 26 19:01:16 UTC 2025: Page 184: Downloaded 500 items
Thu Jun 26 19:01:16 UTC 2025: Fetching data for page 185...
Thu Jun 26 19:01:17 UTC 2025: Page 185: Downloaded 500 items
Thu Jun 26 19:01:17 UTC 2025: Fetching data for page 186...
Thu Jun 26 19:01:17 UTC 2025: Page 186: Downloaded 500 items
Thu Jun 26 19:01:17 UTC 2025: Fetching data for page 187...
Thu Jun 26 19:01:18 UTC 2025: Page 187: Downloaded 501 items
Thu Jun 26 19:01:18 UTC 2025: Fetching data for page 188...
Thu Jun 26 19:01:18 UTC 2025: Page 188: Downloaded 500 items
Thu Jun 26 19:01:18 UTC 2025: Fetching data for page 189...
Thu Jun 26 19:01:19 UTC 2025: Page 189: Downloaded 500 items
Thu Jun 26 19:01:19 UTC 2025: Fetching data for page 190...
Thu Jun 26 19:01:19 UTC 2025: Page 190: Downloaded 501 items
Thu Jun 26 19:01:19 UTC 2025: Fetching data for page 191...
Thu Jun 26 19:01:20 UTC 2025: Page 191: Downloaded 500 items
Thu Jun 26 19:01:20 UTC 2025: Fetching data for page 192...
Thu Jun 26 19:01:20 UTC 2025: Page 192: Downloaded 500 items
Thu Jun 26 19:01:20 UTC 2025: Fetching data for page 193...
Thu Jun 26 19:01:21 UTC 2025: Page 193: Downloaded 500 items
Thu Jun 26 19:01:21 UTC 2025: Fetching data for page 194...
Thu Jun 26 19:01:21 UTC 2025: Page 194: Downloaded 500 items
Thu Jun 26 19:01:21 UTC 2025: Fetching data for page 195...
Thu Jun 26 19:01:22 UTC 2025: Page 195: Downloaded 500 items
Thu Jun 26 19:01:22 UTC 2025: Fetching data for page 196...
Thu Jun 26 19:01:22 UTC 2025: Page 196: Downloaded 500 items
Thu Jun 26 19:01:22 UTC 2025: Fetching data for page 197...
Thu Jun 26 19:01:23 UTC 2025: Page 197: Downloaded 500 items
Thu Jun 26 19:01:23 UTC 2025: Fetching data for page 198...
Thu Jun 26 19:01:23 UTC 2025: Page 198: Downloaded 500 items
Thu Jun 26 19:01:23 UTC 2025: Fetching data for page 199...
Thu Jun 26 19:01:24 UTC 2025: Page 199: Downloaded 500 items
Thu Jun 26 19:01:24 UTC 2025: Fetching data for page 200...
Thu Jun 26 19:01:24 UTC 2025: Page 200: Downloaded 500 items
Thu Jun 26 19:01:24 UTC 2025: Fetching data for page 201...
Thu Jun 26 19:01:25 UTC 2025: Page 201: Downloaded 500 items
Thu Jun 26 19:01:25 UTC 2025: Fetching data for page 202...
Thu Jun 26 19:01:26 UTC 2025: Page 202: Downloaded 500 items
Thu Jun 26 19:01:26 UTC 2025: Fetching data for page 203...
Thu Jun 26 19:01:27 UTC 2025: Page 203: Downloaded 500 items
Thu Jun 26 19:01:27 UTC 2025: Fetching data for page 204...
Thu Jun 26 19:01:28 UTC 2025: Page 204: Downloaded 500 items
Thu Jun 26 19:01:28 UTC 2025: Fetching data for page 205...
Thu Jun 26 19:01:29 UTC 2025: Page 205: Downloaded 500 items
Thu Jun 26 19:01:29 UTC 2025: Fetching data for page 206...
Thu Jun 26 19:01:29 UTC 2025: Page 206: Downloaded 500 items
Thu Jun 26 19:01:29 UTC 2025: Fetching data for page 207...
Thu Jun 26 19:01:30 UTC 2025: Page 207: Downloaded 500 items
Thu Jun 26 19:01:30 UTC 2025: Fetching data for page 208...
Thu Jun 26 19:01:30 UTC 2025: Page 208: Downloaded 500 items
Thu Jun 26 19:01:30 UTC 2025: Fetching data for page 209...
Thu Jun 26 19:01:31 UTC 2025: Page 209: Downloaded 500 items
Thu Jun 26 19:01:31 UTC 2025: Fetching data for page 210...
Thu Jun 26 19:01:31 UTC 2025: Page 210: Downloaded 500 items
Thu Jun 26 19:01:31 UTC 2025: Fetching data for page 211...
Thu Jun 26 19:01:32 UTC 2025: Page 211: Downloaded 500 items
Thu Jun 26 19:01:32 UTC 2025: Fetching data for page 212...
Thu Jun 26 19:01:33 UTC 2025: Page 212: Downloaded 500 items
Thu Jun 26 19:01:33 UTC 2025: Fetching data for page 213...
Thu Jun 26 19:01:33 UTC 2025: Page 213: Downloaded 500 items
Thu Jun 26 19:01:33 UTC 2025: Fetching data for page 214...
Thu Jun 26 19:01:34 UTC 2025: Page 214: Downloaded 500 items
Thu Jun 26 19:01:34 UTC 2025: Fetching data for page 215...
Thu Jun 26 19:01:34 UTC 2025: Page 215: Downloaded 497 items
Thu Jun 26 19:01:34 UTC 2025: Creating consolidated JSON file: payments.json
Thu Jun 26 19:09:08 UTC 2025: Download completed. Downloaded 107527 items (expected: 107497)
Thu Jun 26 19:09:08 UTC 2025: WARNING: Downloaded item count (107527) does not match expected total (107497)
Thu Jun 26 19:09:08 UTC 2025: Script completed. Results saved to payments.json, logs saved to payments_scraper.log
